2026-06-28 18:56:56,950 - INFO - ETL Pipeline Started
2026-06-28 18:57:02,032 - INFO - ETL Pipeline Completed Successfully
2026-06-28 19:04:56,352 - INFO - ETL Pipeline Started
2026-06-28 19:05:00,270 - INFO - ETL Pipeline Completed Successfully
2026-06-29 05:47:30,635 - INFO - ETL Pipeline Started
2026-06-29 05:47:31,180 - INFO - Extract completed successfully
2026-06-29 05:47:31,380 - INFO - Transform completed successfully
2026-06-29 05:47:33,820 - INFO - Load completed successfully
2026-06-29 05:47:33,820 - INFO - ETL Pipeline Completed Successfully
2026-06-29 06:11:20,388 - INFO - ETL Pipeline Started
2026-06-29 06:11:21,349 - INFO - Extract completed successfully
2026-06-29 06:11:21,522 - INFO - Transform completed successfully
2026-06-29 06:11:23,562 - INFO - Load completed successfully
2026-06-29 06:11:23,562 - INFO - ETL Pipeline Completed Successfully
2026-06-29 06:23:10,351 - INFO - ETL Pipeline Started
2026-06-29 06:23:11,303 - INFO - Extract completed successfully
2026-06-29 06:23:11,439 - INFO - Transform completed successfully
2026-06-29 06:23:13,495 - INFO - Load completed successfully
2026-06-29 06:23:13,495 - INFO - ETL Pipeline Completed Successfully
2026-06-29 06:37:41,690 - INFO - ETL Pipeline Started
2026-06-29 06:37:42,559 - INFO - Extract completed successfully
2026-06-29 06:37:42,764 - INFO - Transform completed successfully
2026-06-29 06:37:44,581 - INFO - Load completed successfully
2026-06-29 06:37:44,581 - INFO - ETL Pipeline Completed Successfully
2026-06-29 06:47:51,822 - INFO - ETL Pipeline Started
2026-06-29 06:47:52,672 - INFO - Extract completed successfully
2026-06-29 06:47:52,826 - INFO - Transform completed successfully
2026-06-29 06:47:54,631 - INFO - Load completed successfully
2026-06-29 06:47:54,631 - INFO - ETL Pipeline Completed Successfully
2026-06-29 06:51:09,703 - INFO - ETL Pipeline Started
2026-06-29 06:51:10,589 - INFO - Extract completed successfully
2026-06-29 06:51:10,736 - INFO - Transform completed successfully
2026-06-29 06:51:10,736 - INFO - Validation completed successfully
2026-06-29 06:51:12,555 - INFO - Load completed successfully
2026-06-29 06:51:12,555 - INFO - ETL Pipeline Completed Successfully
2026-06-29 07:19:14,575 - INFO - ETL Pipeline Started
2026-06-29 07:19:15,575 - INFO - Extract completed successfully
2026-06-29 07:19:15,794 - INFO - Transform completed successfully
2026-06-29 07:19:15,795 - INFO - Validation completed successfully
2026-06-29 07:19:17,685 - INFO - Load completed successfully
2026-06-29 07:19:17,687 - INFO - Execution Time: 3.11 seconds
2026-06-29 07:19:17,687 - INFO - ETL Pipeline Completed Successfully
